<?xml version="1.0" encoding="UTF-8"?>
<!-- Generated by org.testng.reporters.JUnitReportReporter -->
<testsuite hostname="DESKTOP-H425LRN" failures="0" tests="3" name="com.mystore.testCases.AccountCreationPageTest" time="50.210" errors="0" timestamp="2022-06-29T13:14:52 EDT" skipped="0">
  <testcase classname="com.mystore.testCases.AccountCreationPageTest" name="createAccountTest" time="25.097"/>
  <system-out/>
  <testcase classname="com.mystore.testCases.AccountCreationPageTest" name="createAccountTest" time="7.096"/>
  <system-out/>
  <testcase classname="com.mystore.testCases.AccountCreationPageTest" name="createAccountTest" time="18.017"/>
  <system-out/>
</testsuite> <!-- com.mystore.testCases.AccountCreationPageTest -->
