<?xml version="1.0" encoding="UTF-8"?>
<!-- Generated by org.testng.reporters.JUnitReportReporter -->
<testsuite hostname="DESKTOP-H425LRN" failures="0" tests="1" name="com.mystore.testCases.AddToCartPageTest" time="48.030" errors="0" timestamp="2022-06-29T13:14:52 EDT" skipped="0">
  <testcase classname="com.mystore.testCases.AddToCartPageTest" name="addToCartTest" time="48.030"/>
  <system-out/>
</testsuite> <!-- com.mystore.testCases.AddToCartPageTest -->
